Release 14.7 Map P.20131013 (nt64)
Xilinx Mapping Report File for Design 'main'

Design Information
------------------
Command Line   : map -intstyle ise -p xc3s100e-cp132-5 -cm area -ir off -pr off
-c 100 -o main_map.ncd main.ngd main.pcf 
Target Device  : xc3s100e
Target Package : cp132
Target Speed   : -5
Mapper Version : spartan3e -- $Revision: 1.55 $
Mapped Date    : Fri Dec 08 10:13:59 2017

Design Summary
--------------
Number of errors:      0
Number of warnings:    7
Logic Utilization:
  Number of Slice Flip Flops:            26 out of   1,920    1%
  Number of 4 input LUTs:                93 out of   1,920    4%
Logic Distribution:
  Number of occupied Slices:             58 out of     960    6%
    Number of Slices containing only related logic:      58 out of      58 100%
    Number of Slices containing unrelated logic:          0 out of      58   0%
      *See NOTES below for an explanation of the effects of unrelated logic.
  Total Number of 4 input LUTs:         100 out of   1,920    5%
    Number used as logic:                85
    Number used as a route-thru:          7
    Number used as 16x1 RAMs:             8

  The Slice Logic Distribution report is not meaningful if the design is
  over-mapped for a non-slice resource or if Placement fails.

  Number of bonded IOBs:                 19 out of      83   22%
  Number of BUFGMUXs:                     1 out of      24    4%

  Number of RPM macros:            2
Average Fanout of Non-Clock Nets:                3.61

Peak Memory Usage:  309 MB
Total REAL time to MAP completion:  1 secs 
Total CPU time to MAP completion:   1 secs 

NOTES:

   Related logic is defined as being logic that shares connectivity - e.g. two
   LUTs are "related" if they share common inputs.  When assembling slices,
   Map gives priority to combine logic that is related.  Doing so results in
   the best timing performance.

   Unrelated logic shares no connectivity.  Map will only begin packing
   unrelated logic into a slice once 99% of the slices are occupied through
   related logic packing.

   Note that once logic distribution reaches the 99% level through related
   logic packing, this does not mean the device is completely utilized.
   Unrelated logic packing will then begin, continuing until all usable LUTs
   and FFs are occupied.  Depending on your timing budget, increased levels of
   unrelated logic packing may adversely affect the overall timing performance
   of your design.

Table of Contents
-----------------
Section 1 - Errors
Section 2 - Warnings
Section 3 - Informational
Section 4 - Removed Logic Summary
Section 5 - Removed Logic
Section 6 - IOB Properties
Section 7 - RPMs
Section 8 - Guide Report
Section 9 - Area Group and Partition Summary
Section 10 - Timing Report
Section 11 - Configuration String Information
Section 12 - Control Set Information
Section 13 - Utilization by Hierarchy

Section 1 - Errors
------------------

Section 2 - Warnings
--------------------
WARNING:Pack:266 - The function generator XLXI_12/I_36_33 failed to merge with
   F5 multiplexer XLXI_32/XLXI_36/XLXI_13/I_O.  There is more than one F5MUX. 
   The design will exhibit suboptimal timing.
WARNING:Pack:266 - The function generator XLXI_12/I_36_33 failed to merge with
   F5 multiplexer XLXI_32/XLXI_38/XLXI_13/I_O.  There is more than one F5MUX. 
   The design will exhibit suboptimal timing.
WARNING:Pack:266 - The function generator XLXI_12/I_36_33 failed to merge with
   F5 multiplexer XLXI_32/XLXI_41/XLXI_13/I_O.  There is more than one F5MUX. 
   The design will exhibit suboptimal timing.
WARNING:Pack:266 - The function generator XLXI_12/I_36_33 failed to merge with
   F5 multiplexer XLXI_32/XLXI_43/XLXI_13/I_O.  There is more than one F5MUX. 
   The design will exhibit suboptimal timing.
WARNING:Pack:266 - The function generator XLXI_12/I_36_33 failed to merge with
   F5 multiplexer XLXI_32/XLXI_37/XLXI_13/I_O.  There is more than one F5MUX. 
   The design will exhibit suboptimal timing.
WARNING:Pack:266 - The function generator XLXI_12/I_36_33 failed to merge with
   F5 multiplexer XLXI_32/XLXI_39/XLXI_13/I_O.  There is more than one F5MUX. 
   The design will exhibit suboptimal timing.
WARNING:Pack:266 - The function generator XLXI_12/I_36_33 failed to merge with
   F5 multiplexer XLXI_32/XLXI_40/XLXI_13/I_O.  There is more than one F5MUX. 
   The design will exhibit suboptimal timing.

Section 3 - Informational
-------------------------
INFO:LIT:243 - Logical network XLXI_12/D0 has no load.
INFO:LIT:395 - The above info message is repeated 1 more times for the following
   (max. 5 shown):
   XLXI_4/XLXI_1/CEO
   To see the details of these info messages, please use the -detail switch.
INFO:MapLib:562 - No environment variables are currently set.
INFO:LIT:244 - All of the single ended outputs in this design are using slew
   rate limited output drivers. The delay on speed critical single ended outputs
   can be dramatically reduced by designating them as fast outputs.

Section 4 - Removed Logic Summary
---------------------------------
   6 block(s) removed
  27 block(s) optimized away
   5 signal(s) removed

Section 5 - Removed Logic
-------------------------

The trimmed logic report below shows the logic removed from your design due to
sourceless or loadless signals, and VCC or ground connections.  If the removal
of a signal or symbol results in the subsequent removal of an additional signal
or symbol, the message explaining that second removal will be indented.  This
indentation will be repeated as a chain of related logic is removed.

To quickly locate the original cause for the removal of a chain of logic, look
above the place where that logic is listed in the trimming report, then locate
the lines that are least indented (begin at the leftmost edge).

Loadless block "XLXI_32/XLXI_43/XLXI_5/XLXI_5" (OR) removed.
 The signal "XLXI_32/XLXI_43/XLXI_5/XLXN_10" is loadless and has been removed.
  Loadless block "XLXI_32/XLXI_43/XLXI_5/XLXI_3" (AND) removed.
 The signal "XLXI_32/XLXI_43/XLXI_5/XLXN_9" is loadless and has been removed.
  Loadless block "XLXI_32/XLXI_43/XLXI_5/XLXI_4" (AND) removed.
The signal "XLXI_12/D0" is sourceless and has been removed.
The signal "XLXI_4/XLXI_1/CEO" is sourceless and has been removed.
The signal "XLXI_4/XLXI_1/TC" is sourceless and has been removed.
 Sourceless block "XLXI_4/XLXI_1/I_36_52" (AND) removed.
Unused block "XLXI_12/I_36_37" (AND) removed.
Unused block "XLXI_4/XLXI_1/I_36_37" (AND) removed.

Optimized Block(s):
TYPE 		BLOCK
AND3B1 		XLXI_32/XLXI_36/XLXI_13/I_M01/I_36_31
AND3 		XLXI_32/XLXI_36/XLXI_13/I_M23/I_36_30
GND 		XLXI_32/XLXI_36/XLXI_13/XST_GND
AND3B1 		XLXI_32/XLXI_37/XLXI_13/I_M01/I_36_31
AND3 		XLXI_32/XLXI_37/XLXI_13/I_M23/I_36_30
GND 		XLXI_32/XLXI_37/XLXI_13/XST_GND
AND3B1 		XLXI_32/XLXI_38/XLXI_13/I_M01/I_36_31
AND3 		XLXI_32/XLXI_38/XLXI_13/I_M23/I_36_30
GND 		XLXI_32/XLXI_38/XLXI_13/XST_GND
AND3B1 		XLXI_32/XLXI_39/XLXI_13/I_M01/I_36_31
AND3 		XLXI_32/XLXI_39/XLXI_13/I_M23/I_36_30
GND 		XLXI_32/XLXI_39/XLXI_13/XST_GND
AND3B1 		XLXI_32/XLXI_40/XLXI_13/I_M01/I_36_31
AND3 		XLXI_32/XLXI_40/XLXI_13/I_M23/I_36_30
GND 		XLXI_32/XLXI_40/XLXI_13/XST_GND
AND3B1 		XLXI_32/XLXI_41/XLXI_13/I_M01/I_36_31
AND3 		XLXI_32/XLXI_41/XLXI_13/I_M23/I_36_30
GND 		XLXI_32/XLXI_41/XLXI_13/XST_GND
AND3B1 		XLXI_32/XLXI_42/XLXI_13/I_M01/I_36_31
AND3 		XLXI_32/XLXI_42/XLXI_13/I_M23/I_36_30
GND 		XLXI_32/XLXI_42/XLXI_13/XST_GND
AND3B1 		XLXI_32/XLXI_43/XLXI_13/I_M01/I_36_31
AND3 		XLXI_32/XLXI_43/XLXI_13/I_M23/I_36_30
GND 		XLXI_32/XLXI_43/XLXI_13/XST_GND
VCC 		XLXI_4/XLXI_1/I_36_47
VCC 		XLXI_4/XLXI_3
GND 		XST_GND

To enable printing of redundant blocks removed and signals merged, set the
detailed map report option and rerun map.

Section 6 - IOB Properties
--------------------------

+---------------------------------------------------------------------------------------------------------------------------------------------------------+
| IOB Name                           | Type             | Direction | IO Standard          | Diff  | Drive    | Slew | Reg (s)      | Resistor | IOB      |
|                                    |                  |           |                      | Term  | Strength | Rate |              |          | Delay    |
+---------------------------------------------------------------------------------------------------------------------------------------------------------+
| B0                                 | IBUF             | INPUT     | LVCMOS25             |       |          |      |              |          | 0 / 0    |
| B1                                 | IBUF             | INPUT     | LVCMOS25             |       |          |      |              |          | 0 / 0    |
| B2                                 | IBUF             | INPUT     | LVCMOS25             |       |          |      |              |          | 0 / 0    |
| B3                                 | IBUF             | INPUT     | LVCMOS25             |       |          |      |              |          | 0 / 0    |
| B4                                 | IBUF             | INPUT     | LVCMOS25             |       |          |      |              |          | 0 / 0    |
| B5                                 | IBUF             | INPUT     | LVCMOS25             |       |          |      |              |          | 0 / 0    |
| B6                                 | IBUF             | INPUT     | LVCMOS25             |       |          |      |              |          | 0 / 0    |
| B7                                 | IBUF             | INPUT     | LVCMOS25             |       |          |      |              |          | 0 / 0    |
| CIN                                | IBUF             | INPUT     | LVCMOS25             |       |          |      |              |          | 0 / 0    |
| CLK                                | IBUF             | INPUT     | LVCMOS25             |       |          |      |              |          | 0 / 0    |
| CLR                                | IBUF             | INPUT     | LVCMOS25             |       |          |      |              |          | 0 / 0    |
| ramIN<0>                           | IOB              | OUTPUT    | LVCMOS25             |       | 12       | SLOW |              |          | 0 / 0    |
| ramIN<1>                           | IOB              | OUTPUT    | LVCMOS25             |       | 12       | SLOW |              |          | 0 / 0    |
| ramIN<2>                           | IOB              | OUTPUT    | LVCMOS25             |       | 12       | SLOW |              |          | 0 / 0    |
| ramIN<3>                           | IOB              | OUTPUT    | LVCMOS25             |       | 12       | SLOW |              |          | 0 / 0    |
| ramIN<4>                           | IOB              | OUTPUT    | LVCMOS25             |       | 12       | SLOW |              |          | 0 / 0    |
| ramIN<5>                           | IOB              | OUTPUT    | LVCMOS25             |       | 12       | SLOW |              |          | 0 / 0    |
| ramIN<6>                           | IOB              | OUTPUT    | LVCMOS25             |       | 12       | SLOW |              |          | 0 / 0    |
| ramIN<7>                           | IOB              | OUTPUT    | LVCMOS25             |       | 12       | SLOW |              |          | 0 / 0    |
+---------------------------------------------------------------------------------------------------------------------------------------------------------+

Section 7 - RPMs
----------------
XLXI_4/XLXI_1/XLXI_4/XLXI_1_I_Q0_44     
XLXI_4/XLXI_1/XLXI_4/XLXI_1_I_Q1_45     

Section 8 - Guide Report
------------------------
Guide not run on this design.

Section 9 - Area Group and Partition Summary
--------------------------------------------

Partition Implementation Status
-------------------------------

  No Partitions were found in this design.

-------------------------------

Area Group Information
----------------------

  No area groups were found in this design.

----------------------

Section 10 - Timing Report
--------------------------
This design was not run using timing mode.

Section 11 - Configuration String Details
-----------------------------------------
Use the "-detail" map option to print out Configuration Strings

Section 12 - Control Set Information
------------------------------------
No control set information for this architecture.

Section 13 - Utilization by Hierarchy
-------------------------------------
Use the "-detail" map option to print out the Utilization by Hierarchy section.
