--------------------------------------------------------------------------------
Release 14.7 Trace  (nt64)
Copyright (c) 1995-2013 Xilinx, Inc.  All rights reserved.

C:\Xilinx\14.7\ISE_DS\ISE\bin\nt64\unwrapped\trce.exe -intstyle ise -v 3 -s 5
-n 3 -fastpaths -xml main.twx main.ncd -o main.twr main.pcf -ucf main.ucf

Design file:              main.ncd
Physical constraint file: main.pcf
Device,package,speed:     xc3s100e,cp132,-5 (PRODUCTION 1.27 2013-10-13)
Report level:             verbose report

Environment Variable      Effect 
--------------------      ------ 
NONE                      No environment variables were set
--------------------------------------------------------------------------------

INFO:Timing:2698 - No timing constraints found, doing default enumeration.
INFO:Timing:3412 - To improve timing, see the Timing Closure User Guide (UG612).
INFO:Timing:2752 - To get complete path coverage, use the unconstrained paths 
   option. All paths that are not constrained will be reported in the 
   unconstrained paths section(s) of the report.
INFO:Timing:3339 - The clock-to-out numbers in this timing report are based on 
   a 50 Ohm transmission line loading model.  For the details of this model, 
   and for more information on accounting for different loading conditions, 
   please see the device datasheet.
INFO:Timing:3390 - This architecture does not support a default System Jitter 
   value, please add SYSTEM_JITTER constraint to the UCF to modify the Clock 
   Uncertainty calculation.
INFO:Timing:3389 - This architecture does not support 'Discrete Jitter' and 
   'Phase Error' calculations, these terms will be zero in the Clock 
   Uncertainty calculation.  Please make appropriate modification to 
   SYSTEM_JITTER to account for the unsupported Discrete Jitter and Phase 
   Error.



Data Sheet report:
-----------------
All values displayed in nanoseconds (ns)

Setup/Hold to clock CLK
------------+------------+------------+------------------+--------+
            |Max Setup to|Max Hold to |                  | Clock  |
Source      | clk (edge) | clk (edge) |Internal Clock(s) | Phase  |
------------+------------+------------+------------------+--------+
B0          |   19.532(R)|   -0.751(R)|CLK_BUFGP         |   0.000|
B1          |   17.439(R)|   -0.977(R)|CLK_BUFGP         |   0.000|
B2          |   15.183(R)|   -0.205(R)|CLK_BUFGP         |   0.000|
B3          |   13.129(R)|   -0.736(R)|CLK_BUFGP         |   0.000|
B4          |   10.971(R)|   -0.278(R)|CLK_BUFGP         |   0.000|
B5          |    7.902(R)|   -0.763(R)|CLK_BUFGP         |   0.000|
B6          |    6.196(R)|   -0.540(R)|CLK_BUFGP         |   0.000|
B7          |    3.622(R)|   -0.612(R)|CLK_BUFGP         |   0.000|
CIN         |   18.957(R)|   -1.818(R)|CLK_BUFGP         |   0.000|
------------+------------+------------+------------------+--------+

Clock CLK to Pad
------------+------------+------------------+--------+
            | clk (edge) |                  | Clock  |
Destination |   to PAD   |Internal Clock(s) | Phase  |
------------+------------+------------------+--------+
ramIN<0>    |    7.926(R)|CLK_BUFGP         |   0.000|
ramIN<1>    |    7.808(R)|CLK_BUFGP         |   0.000|
ramIN<2>    |    7.491(R)|CLK_BUFGP         |   0.000|
ramIN<3>    |    7.984(R)|CLK_BUFGP         |   0.000|
ramIN<4>    |    7.827(R)|CLK_BUFGP         |   0.000|
ramIN<5>    |    7.453(R)|CLK_BUFGP         |   0.000|
ramIN<6>    |    7.524(R)|CLK_BUFGP         |   0.000|
ramIN<7>    |    7.853(R)|CLK_BUFGP         |   0.000|
------------+------------+------------------+--------+

Clock to Setup on destination clock CLK
---------------+---------+---------+---------+---------+
               | Src:Rise| Src:Fall| Src:Rise| Src:Fall|
Source Clock   |Dest:Rise|Dest:Rise|Dest:Fall|Dest:Fall|
---------------+---------+---------+---------+---------+
CLK            |   21.286|         |         |         |
---------------+---------+---------+---------+---------+


Analysis completed Fri Dec 08 10:14:09 2017 
--------------------------------------------------------------------------------

Trace Settings:
-------------------------
Trace Settings 

Peak Memory Usage: 154 MB



