#-----------------------------------------------------------
# Vivado v2017.1 (64-bit)
# SW Build 1846317 on Fri Apr 14 18:55:03 MDT 2017
# IP Build 1846188 on Fri Apr 14 20:52:08 MDT 2017
# Start of session at: Thu Dec  7 19:36:08 2017
# Process ID: 3520
# Current directory: C:/Users/User/Desktop/Final_Project/Final_Project
# Command line: vivado.exe -gui_launcher_event rodinguilauncherevent3628 C:\Users\User\Desktop\Final_Project\Final_Project\Final_Project.xpr
# Log file: C:/Users/User/Desktop/Final_Project/Final_Project/vivado.log
# Journal file: C:/Users/User/Desktop/Final_Project/Final_Project\vivado.jou
#-----------------------------------------------------------
start_gui
open_project C:/Users/User/Desktop/Final_Project/Final_Project/Final_Project.xpr
Scanning sources...
Finished scanning sources
INFO: [IP_Flow 19-234] Refreshing IP repositories
INFO: [IP_Flow 19-1704] No user IP repositories specified
INFO: [IP_Flow 19-2313] Loaded Vivado IP repository 'C:/Xilinx/Vivado/2017.1/data/ip'.
open_project: Time (s): cpu = 00:00:08 ; elapsed = 00:00:07 . Memory (MB): peak = 705.945 ; gain = 44.863
update_compile_order -fileset sources_1
update_compile_order -fileset sources_1
update_compile_order -fileset sources_1
exit
INFO: [Common 17-206] Exiting Vivado at Thu Dec  7 20:11:02 2017...
